0 info it worked if it ends with ok
1 verbose cli [ 'node',
1 verbose cli   '/usr/local/bin/npm',
1 verbose cli   'install',
1 verbose cli   '-g',
1 verbose cli   'cordova',
1 verbose cli   'ionic' ]
2 info using npm@1.4.28
3 info using node@v0.10.33
4 verbose cache add [ 'cordova', null ]
5 verbose cache add name=undefined spec="cordova" args=["cordova",null]
6 verbose parsed url { protocol: null,
6 verbose parsed url   slashes: null,
6 verbose parsed url   auth: null,
6 verbose parsed url   host: null,
6 verbose parsed url   port: null,
6 verbose parsed url   hostname: null,
6 verbose parsed url   hash: null,
6 verbose parsed url   search: null,
6 verbose parsed url   query: null,
6 verbose parsed url   pathname: 'cordova',
6 verbose parsed url   path: 'cordova',
6 verbose parsed url   href: 'cordova' }
7 verbose cache add [ 'ionic', null ]
8 verbose cache add name=undefined spec="ionic" args=["ionic",null]
9 verbose parsed url { protocol: null,
9 verbose parsed url   slashes: null,
9 verbose parsed url   auth: null,
9 verbose parsed url   host: null,
9 verbose parsed url   port: null,
9 verbose parsed url   hostname: null,
9 verbose parsed url   hash: null,
9 verbose parsed url   search: null,
9 verbose parsed url   query: null,
9 verbose parsed url   pathname: 'ionic',
9 verbose parsed url   path: 'ionic',
9 verbose parsed url   href: 'ionic' }
10 silly lockFile a98f2055-cordova cordova
11 verbose lock cordova /Users/sjoerd/.npm/a98f2055-cordova.lock
12 silly lockFile 00d10074-ionic ionic
13 verbose lock ionic /Users/sjoerd/.npm/00d10074-ionic.lock
14 silly lockFile a98f2055-cordova cordova
15 silly lockFile a98f2055-cordova cordova
16 silly lockFile 00d10074-ionic ionic
17 silly lockFile 00d10074-ionic ionic
18 verbose addNamed [ 'cordova', '' ]
19 verbose addNamed [ null, '*' ]
20 silly lockFile de8d9fad-cordova cordova@
21 verbose lock cordova@ /Users/sjoerd/.npm/de8d9fad-cordova.lock
22 verbose addNamed [ 'ionic', '' ]
23 verbose addNamed [ null, '*' ]
24 silly lockFile 966fc04a-ionic ionic@
25 verbose lock ionic@ /Users/sjoerd/.npm/966fc04a-ionic.lock
26 silly addNameRange { name: 'cordova', range: '*', hasData: false }
27 silly addNameRange { name: 'ionic', range: '*', hasData: false }
28 verbose request where is /cordova
29 verbose request registry https://registry.npmjs.org/
30 verbose request id 84a216511e6360a3
31 verbose url raw /cordova
32 verbose url resolving [ 'https://registry.npmjs.org/', './cordova' ]
33 verbose url resolved https://registry.npmjs.org/cordova
34 verbose request where is https://registry.npmjs.org/cordova
35 info trying registry request attempt 1 at 09:23:25
36 verbose etag "DYAH7U481CMV53QMI83KZBN77"
37 http GET https://registry.npmjs.org/cordova
38 verbose request where is /ionic
39 verbose request registry https://registry.npmjs.org/
40 verbose url raw /ionic
41 verbose url resolving [ 'https://registry.npmjs.org/', './ionic' ]
42 verbose url resolved https://registry.npmjs.org/ionic
43 verbose request where is https://registry.npmjs.org/ionic
44 info trying registry request attempt 1 at 09:23:25
45 verbose etag "4ZDUTKSYQQYRX14R2EAM2IQQO"
46 http GET https://registry.npmjs.org/ionic
47 http 200 https://registry.npmjs.org/ionic
48 silly registry.get cb [ 200,
48 silly registry.get   { date: 'Fri, 12 Dec 2014 08:23:25 GMT',
48 silly registry.get     server: 'CouchDB/1.5.0 (Erlang OTP/R16B03)',
48 silly registry.get     etag: '"530UPN27A7ROW6LQ7RV2IZ2FT"',
48 silly registry.get     'content-type': 'application/json',
48 silly registry.get     'cache-control': 'max-age=60',
48 silly registry.get     'content-length': '159820',
48 silly registry.get     'accept-ranges': 'bytes',
48 silly registry.get     via: '1.1 varnish',
48 silly registry.get     age: '0',
48 silly registry.get     'x-served-by': 'cache-fra1240-FRA',
48 silly registry.get     'x-cache': 'HIT',
48 silly registry.get     'x-cache-hits': '1',
48 silly registry.get     'x-timer': 'S1418372605.499489,VS0,VE109',
48 silly registry.get     vary: 'Accept',
48 silly registry.get     'keep-alive': 'timeout=10, max=50',
48 silly registry.get     connection: 'Keep-Alive' } ]
49 silly addNameRange number 2 { name: 'ionic', range: '*', hasData: true }
50 silly addNameRange versions [ 'ionic',
50 silly addNameRange   [ '0.9.6',
50 silly addNameRange     '0.9.8',
50 silly addNameRange     '0.9.9',
50 silly addNameRange     '0.9.10',
50 silly addNameRange     '0.9.11',
50 silly addNameRange     '0.9.12',
50 silly addNameRange     '0.9.13',
50 silly addNameRange     '0.9.14',
50 silly addNameRange     '0.9.15',
50 silly addNameRange     '0.9.16',
50 silly addNameRange     '1.0.0-beta.1',
50 silly addNameRange     '1.0.0-beta',
50 silly addNameRange     '1.0.1-beta',
50 silly addNameRange     '1.0.3-beta',
50 silly addNameRange     '1.0.4',
50 silly addNameRange     '1.0.5',
50 silly addNameRange     '1.0.6',
50 silly addNameRange     '1.0.7',
50 silly addNameRange     '1.0.8',
50 silly addNameRange     '1.0.9',
50 silly addNameRange     '1.0.10',
50 silly addNameRange     '1.0.11',
50 silly addNameRange     '1.0.12',
50 silly addNameRange     '1.0.13',
50 silly addNameRange     '1.0.14',
50 silly addNameRange     '1.0.15',
50 silly addNameRange     '1.0.16',
50 silly addNameRange     '1.0.17',
50 silly addNameRange     '1.1.0-beta1',
50 silly addNameRange     '1.1.0-beta2',
50 silly addNameRange     '1.1.0-beta3',
50 silly addNameRange     '1.1.0-beta4',
50 silly addNameRange     '1.1.0-beta5',
50 silly addNameRange     '1.1.0-beta6',
50 silly addNameRange     '1.1.0',
50 silly addNameRange     '1.1.1-beta1',
50 silly addNameRange     '1.1.1-beta2',
50 silly addNameRange     '1.1.1-beta3',
50 silly addNameRange     '1.1.1',
50 silly addNameRange     '1.1.3',
50 silly addNameRange     '1.1.4',
50 silly addNameRange     '1.1.5-beta1',
50 silly addNameRange     '1.1.5-beta2',
50 silly addNameRange     '1.1.5-beta3',
50 silly addNameRange     '1.1.5-beta4',
50 silly addNameRange     '1.1.5-beta5',
50 silly addNameRange     '1.1.5',
50 silly addNameRange     '1.1.6',
50 silly addNameRange     '1.1.7-beta1',
50 silly addNameRange     '1.1.7',
50 silly addNameRange     '1.1.8-beta1',
50 silly addNameRange     '1.1.8-beta2',
50 silly addNameRange     '1.1.8-beta3',
50 silly addNameRange     '1.1.8-beta4',
50 silly addNameRange     '1.1.8-beta5',
50 silly addNameRange     '1.1.8',
50 silly addNameRange     '1.1.9-beta1',
50 silly addNameRange     '1.1.9',
50 silly addNameRange     '1.1.10',
50 silly addNameRange     '1.1.11-beta1',
50 silly addNameRange     '1.1.11-beta2',
50 silly addNameRange     '1.1.11',
50 silly addNameRange     '1.1.12-beta1',
50 silly addNameRange     '1.1.12-beta2',
50 silly addNameRange     '1.1.12-beta3',
50 silly addNameRange     '1.1.12',
50 silly addNameRange     '1.1.13',
50 silly addNameRange     '1.1.14-beta1',
50 silly addNameRange     '1.1.14-beta2',
50 silly addNameRange     '1.1.14-beta3',
50 silly addNameRange     '1.2.0-beta1',
50 silly addNameRange     '1.2.0',
50 silly addNameRange     '1.2.1-beta1',
50 silly addNameRange     '1.2.1-beta2',
50 silly addNameRange     '1.2.1-beta3',
50 silly addNameRange     '1.2.1-beta4',
50 silly addNameRange     '1.2.1',
50 silly addNameRange     '1.2.2',
50 silly addNameRange     '1.2.3-beta1',
50 silly addNameRange     '1.2.3-beta2',
50 silly addNameRange     '1.2.3-beta3',
50 silly addNameRange     '1.2.3',
50 silly addNameRange     '1.2.4-beta1',
50 silly addNameRange     '1.2.4-beta2',
50 silly addNameRange     '1.2.4-beta3',
50 silly addNameRange     '1.2.4',
50 silly addNameRange     '1.2.5-beta1',
50 silly addNameRange     '1.2.5-beta2',
50 silly addNameRange     '1.2.5-beta3',
50 silly addNameRange     '1.2.5',
50 silly addNameRange     '1.2.6-beta1',
50 silly addNameRange     '1.2.6-beta2',
50 silly addNameRange     '1.2.6-beta3',
50 silly addNameRange     '1.2.6',
50 silly addNameRange     '1.2.7',
50 silly addNameRange     '1.2.8-beta1',
50 silly addNameRange     '1.2.8-beta2',
50 silly addNameRange     '1.2.8',
50 silly addNameRange     '1.2.9',
50 silly addNameRange     '1.2.10',
50 silly addNameRange     '1.2.11',
50 silly addNameRange     '1.2.12',
50 silly addNameRange     '1.2.13' ] ]
51 verbose addNamed [ 'ionic', '1.2.13' ]
52 verbose addNamed [ '1.2.13', '1.2.13' ]
53 silly lockFile 5e1bd26f-ionic-1-2-13 ionic@1.2.13
54 verbose lock ionic@1.2.13 /Users/sjoerd/.npm/5e1bd26f-ionic-1-2-13.lock
55 silly lockFile 61b739f4-npmjs-org-ionic-ionic-1-2-13-tgz https://registry.npmjs.org/ionic/-/ionic-1.2.13.tgz
56 verbose lock https://registry.npmjs.org/ionic/-/ionic-1.2.13.tgz /Users/sjoerd/.npm/61b739f4-npmjs-org-ionic-ionic-1-2-13-tgz.lock
57 verbose addRemoteTarball [ 'https://registry.npmjs.org/ionic/-/ionic-1.2.13.tgz',
57 verbose addRemoteTarball   '24e6c4aa646d73f4d62b0b75a25d5fdb117929e0' ]
58 http 200 https://registry.npmjs.org/cordova
59 silly registry.get cb [ 200,
59 silly registry.get   { date: 'Fri, 12 Dec 2014 08:23:25 GMT',
59 silly registry.get     server: 'CouchDB/1.5.0 (Erlang OTP/R16B03)',
59 silly registry.get     etag: '"DB55IQ5K8QEE42FO1MQ49XWSY"',
59 silly registry.get     'content-type': 'application/json',
59 silly registry.get     'cache-control': 'max-age=60',
59 silly registry.get     'content-length': '333724',
59 silly registry.get     'accept-ranges': 'bytes',
59 silly registry.get     via: '1.1 varnish',
59 silly registry.get     age: '18',
59 silly registry.get     'x-served-by': 'cache-fra1244-FRA',
59 silly registry.get     'x-cache': 'HIT',
59 silly registry.get     'x-cache-hits': '1',
59 silly registry.get     'x-timer': 'S1418372605.502778,VS0,VE1',
59 silly registry.get     vary: 'Accept',
59 silly registry.get     'keep-alive': 'timeout=10, max=50',
59 silly registry.get     connection: 'Keep-Alive' } ]
60 info retry fetch attempt 1 at 09:23:25
61 verbose fetch to= /var/folders/68/kt1rd3wd76bcbchd5z1grsb40000gp/T/npm-4616-6eTllcAJ/registry.npmjs.org/ionic/-/ionic-1.2.13.tgz
62 silly addNameRange number 2 { name: 'cordova', range: '*', hasData: true }
63 silly addNameRange versions [ 'cordova',
63 silly addNameRange   [ '0.0.1',
63 silly addNameRange     '0.0.2',
63 silly addNameRange     '0.0.3',
63 silly addNameRange     '0.0.4',
63 silly addNameRange     '0.0.5',
63 silly addNameRange     '0.0.6',
63 silly addNameRange     '0.0.7',
63 silly addNameRange     '0.0.8',
63 silly addNameRange     '0.0.9',
63 silly addNameRange     '0.1.0',
63 silly addNameRange     '0.1.1',
63 silly addNameRange     '0.1.2',
63 silly addNameRange     '0.1.3',
63 silly addNameRange     '0.1.4',
63 silly addNameRange     '0.1.5',
63 silly addNameRange     '0.1.6',
63 silly addNameRange     '0.1.7',
63 silly addNameRange     '0.1.8',
63 silly addNameRange     '0.1.9',
63 silly addNameRange     '0.1.10',
63 silly addNameRange     '0.1.11',
63 silly addNameRange     '0.1.12',
63 silly addNameRange     '0.1.13',
63 silly addNameRange     '0.1.14',
63 silly addNameRange     '2.2.0',
63 silly addNameRange     '2.3.0',
63 silly addNameRange     '2.3.1',
63 silly addNameRange     '2.3.2',
63 silly addNameRange     '2.3.3',
63 silly addNameRange     '2.3.5',
63 silly addNameRange     '2.3.6',
63 silly addNameRange     '2.4.0',
63 silly addNameRange     '2.4.1',
63 silly addNameRange     '2.4.2',
63 silly addNameRange     '2.4.3',
63 silly addNameRange     '2.4.4',
63 silly addNameRange     '2.4.5',
63 silly addNameRange     '2.4.6',
63 silly addNameRange     '2.4.7',
63 silly addNameRange     '2.4.8',
63 silly addNameRange     '2.4.9',
63 silly addNameRange     '2.4.10',
63 silly addNameRange     '2.5.0',
63 silly addNameRange     '2.5.2',
63 silly addNameRange     '2.5.3',
63 silly addNameRange     '2.5.4',
63 silly addNameRange     '2.5.5',
63 silly addNameRange     '2.6.0',
63 silly addNameRange     '2.6.1',
63 silly addNameRange     '2.6.2',
63 silly addNameRange     '2.7.0-rc.1',
63 silly addNameRange     '2.7.1-rc.1',
63 silly addNameRange     '2.7.2',
63 silly addNameRange     '2.7.3',
63 silly addNameRange     '2.7.4',
63 silly addNameRange     '2.8.0',
63 silly addNameRange     '2.8.1',
63 silly addNameRange     '2.8.2',
63 silly addNameRange     '2.8.3',
63 silly addNameRange     '2.8.4',
63 silly addNameRange     '2.8.5',
63 silly addNameRange     '2.8.6',
63 silly addNameRange     '2.8.7',
63 silly addNameRange     '2.8.8',
63 silly addNameRange     '2.8.9',
63 silly addNameRange     '2.8.10',
63 silly addNameRange     '2.8.11',
63 silly addNameRange     '2.8.12',
63 silly addNameRange     '2.8.13',
63 silly addNameRange     '2.8.14',
63 silly addNameRange     '2.8.15',
63 silly addNameRange     '2.8.16',
63 silly addNameRange     '2.8.17',
63 silly addNameRange     '2.8.18',
63 silly addNameRange     '2.8.19',
63 silly addNameRange     '2.8.20',
63 silly addNameRange     '2.8.21',
63 silly addNameRange     '2.8.22',
63 silly addNameRange     '2.8.23',
63 silly addNameRange     '2.8.24',
63 silly addNameRange     '2.8.25',
63 silly addNameRange     '2.9.0',
63 silly addNameRange     '2.9.1',
63 silly addNameRange     '2.9.2',
63 silly addNameRange     '2.9.3',
63 silly addNameRange     '2.9.4',
63 silly addNameRange     '2.9.5',
63 silly addNameRange     '2.9.6',
63 silly addNameRange     '2.9.7',
63 silly addNameRange     '3.0.0-rc1',
63 silly addNameRange     '3.0.0-rc1-1',
63 silly addNameRange     '3.0.0-rc1-3',
63 silly addNameRange     '3.0.0',
63 silly addNameRange     '3.0.1',
63 silly addNameRange     '3.0.2',
63 silly addNameRange     '3.0.3',
63 silly addNameRange     '3.0.4',
63 silly addNameRange     '3.0.5',
63 silly addNameRange     '3.0.6',
63 silly addNameRange     '3.0.7',
63 silly addNameRange     '3.0.8',
63 silly addNameRange     '3.0.9',
63 silly addNameRange     '3.0.10',
63 silly addNameRange     '3.1.0-0.1.0',
63 silly addNameRange     '3.1.0-0.2.0',
63 silly addNameRange     '3.2.0-rc.1',
63 silly addNameRange     '3.2.0-0.1.0',
63 silly addNameRange     '3.2.0-0.2.0',
63 silly addNameRange     '3.2.0-0.3.0',
63 silly addNameRange     '3.2.0-0.4.0',
63 silly addNameRange     '3.3.0-rc.1',
63 silly addNameRange     '3.3.0-0.1.1',
63 silly addNameRange     '3.3.1-0.1.2',
63 silly addNameRange     '2.9.0-rc1',
63 silly addNameRange     '3.3.1-0.3.0',
63 silly addNameRange     '3.3.1-0.3.1',
63 silly addNameRange     '3.3.1-0.4.1',
63 silly addNameRange     '3.3.1-0.4.2',
63 silly addNameRange     '3.4.0-0.1.0',
63 silly addNameRange     '3.4.0-0.1.1',
63 silly addNameRange     '3.4.0-0.1.2',
63 silly addNameRange     '3.4.0-0.1.3',
63 silly addNameRange     '0.0.0-fake',
63 silly addNameRange     '3.4.1-0.1.0',
63 silly addNameRange     '3.5.0-0.2.0',
63 silly addNameRange     '3.5.0-0.2.1',
63 silly addNameRange     '3.5.0-0.2.2',
63 silly addNameRange     '3.5.0-0.2.3',
63 silly addNameRange     '3.5.0-0.2.4',
63 silly addNameRange     '3.5.0-0.2.6',
63 silly addNameRange     '3.5.0-0.2.7',
63 silly addNameRange     '3.6.0-0.2.8',
63 silly addNameRange     '3.6.0-0.2.9',
63 silly addNameRange     '3.6.1-0.2.10',
63 silly addNameRange     '3.6.3-0.2.11',
63 silly addNameRange     '3.6.3-0.2.12',
63 silly addNameRange     '3.6.3-0.2.13',
63 silly addNameRange     '4.0.0',
63 silly addNameRange     '4.0.1',
63 silly addNameRange     '4.1.0',
63 silly addNameRange     '4.1.1',
63 silly addNameRange     '4.1.2',
63 silly addNameRange     '4.1.3-nightly.2014.10.21' ] ]
64 verbose addNamed [ 'cordova', '4.1.2' ]
65 verbose addNamed [ '4.1.2', '4.1.2' ]
66 silly lockFile d72081f6-cordova-4-1-2 cordova@4.1.2
67 verbose lock cordova@4.1.2 /Users/sjoerd/.npm/d72081f6-cordova-4-1-2.lock
68 http GET https://registry.npmjs.org/ionic/-/ionic-1.2.13.tgz
69 silly lockFile d72081f6-cordova-4-1-2 cordova@4.1.2
70 silly lockFile d72081f6-cordova-4-1-2 cordova@4.1.2
71 silly lockFile de8d9fad-cordova cordova@
72 silly lockFile de8d9fad-cordova cordova@
73 http 200 https://registry.npmjs.org/ionic/-/ionic-1.2.13.tgz
74 silly lockFile 61b739f4-npmjs-org-ionic-ionic-1-2-13-tgz https://registry.npmjs.org/ionic/-/ionic-1.2.13.tgz
75 silly lockFile 61b739f4-npmjs-org-ionic-ionic-1-2-13-tgz https://registry.npmjs.org/ionic/-/ionic-1.2.13.tgz
76 silly lockFile 5e1bd26f-ionic-1-2-13 ionic@1.2.13
77 silly lockFile 5e1bd26f-ionic-1-2-13 ionic@1.2.13
78 silly lockFile 966fc04a-ionic ionic@
79 silly lockFile 966fc04a-ionic ionic@
80 error Error: EACCES, mkdir '/Users/sjoerd/.npm/ionic/1.2.13'
80 error  { [Error: EACCES, mkdir '/Users/sjoerd/.npm/ionic/1.2.13']
80 error   errno: 3,
80 error   code: 'EACCES',
80 error   path: '/Users/sjoerd/.npm/ionic/1.2.13' }
81 error Please try running this command again as root/Administrator.
82 error System Darwin 14.0.0
83 error command "node" "/usr/local/bin/npm" "install" "-g" "cordova" "ionic"
84 error cwd /Users/sjoerd/sites/imdb-app
85 error node -v v0.10.33
86 error npm -v 1.4.28
87 error path /Users/sjoerd/.npm/ionic/1.2.13
88 error code EACCES
89 error errno 3
90 error stack Error: EACCES, mkdir '/Users/sjoerd/.npm/ionic/1.2.13'
91 verbose exit [ 3, true ]
